<?xml version="1.0" encoding="UTF-8"?>
<!-- Generated by org.testng.reporters.JUnitXMLReporter -->
<testsuite hostname="LAPTOP-JIQGLKI4" failures="0" tests="4" name="Test" time="147.699" errors="0" timestamp="28 Sep 2022 12:42:30 GMT">
  <testcase classname="com.AsianCloudUserMgmt.AsianCloudUser.TestRegisterAndLogin" name="test_Verify_Register_New_User" time="4.996"/>
  <testcase classname="com.AsianCloudUserMgmt.AsianCloudUser.TestRegisterAndLogin" name="test_Verify_Register_Existing_User" time="2.944"/>
  <testcase classname="com.AsianCloudUserMgmt.AsianCloudUser.TestRegisterAndLogin" name="test_Verify_Login_Valid_Credentials" time="4.023"/>
  <testcase classname="com.AsianCloudUserMgmt.AsianCloudUser.TestRegisterAndLogin" name="test_Verify_Login_Invalid_Credentials" time="3.314"/>
</testsuite> <!-- Test -->
